<?xml version="1.0" encoding="UTF-8"?>
<!-- Generated by org.testng.reporters.JUnitReportReporter -->
<testsuite skipped="0" hostname="DESKTOP-M295OCC" name="com.DemoTest.ParameterTest" tests="1" failures="0" timestamp="2021-08-05T23:10:44 IST" time="0.011" errors="0">
  <testcase name="params" time="0.011" classname="com.DemoTest.ParameterTest"/>
  <system-out/>
</testsuite> <!-- com.DemoTest.ParameterTest -->
